[INFO ] 2020-04-01 22:52:03.647 [main] MbookApplication - No active profile set, falling back to default profiles: default
[INFO ] 2020-04-01 22:52:18.478 [main] MbookApplication - Started MbookApplication in 18.622 seconds (JVM running for 28.28)
[INFO ] 2020-04-01 22:53:00.039 [scheduling-1] Batch - getAllLoansPersons was called
[INFO ] 2020-04-01 22:53:00.323 [scheduling-1] Batch - Sending an email to user
[INFO ] 2020-04-01 22:53:00.800 [scheduling-1] Batch - Sending an email to user
[INFO ] 2020-04-01 22:53:00.837 [scheduling-1] Batch - Sending an email to user
[INFO ] 2020-04-01 22:53:00.851 [scheduling-1] Batch - now Sending an email to user
[INFO ] 2020-04-01 22:54:00.755 [scheduling-1] Batch - getAllLoansPersons was called
[INFO ] 2020-04-01 22:54:00.885 [scheduling-1] Batch - Sending an email to user
[INFO ] 2020-04-01 22:54:01.071 [scheduling-1] Batch - Sending an email to user
[INFO ] 2020-04-01 22:54:01.119 [scheduling-1] Batch - Sending an email to user
[INFO ] 2020-04-01 22:54:01.186 [scheduling-1] Batch - now Sending an email to user
[INFO ] 2020-04-01 22:55:00.004 [scheduling-1] Batch - getAllLoansPersons was called
[INFO ] 2020-04-01 22:55:00.074 [scheduling-1] Batch - Sending an email to user
[INFO ] 2020-04-01 22:55:00.114 [scheduling-1] Batch - Sending an email to user
[INFO ] 2020-04-01 22:55:00.140 [scheduling-1] Batch - Sending an email to user
[INFO ] 2020-04-01 22:55:00.183 [scheduling-1] Batch - now Sending an email to user
[INFO ] 2020-04-01 22:56:00.003 [scheduling-1] Batch - getAllLoansPersons was called
[INFO ] 2020-04-01 22:56:00.073 [scheduling-1] Batch - Sending an email to user
[INFO ] 2020-04-01 22:56:00.363 [scheduling-1] Batch - Sending an email to user
[INFO ] 2020-04-01 22:56:00.410 [scheduling-1] Batch - Sending an email to user
[INFO ] 2020-04-01 22:56:00.472 [scheduling-1] Batch - now Sending an email to user
[INFO ] 2020-04-01 22:57:00.019 [scheduling-1] Batch - getAllLoansPersons was called
[INFO ] 2020-04-01 22:57:00.217 [scheduling-1] Batch - Sending an email to user
[INFO ] 2020-04-01 22:57:00.268 [scheduling-1] Batch - Sending an email to user
[INFO ] 2020-04-01 22:57:00.287 [scheduling-1] Batch - Sending an email to user
[INFO ] 2020-04-01 22:57:00.318 [scheduling-1] Batch - now Sending an email to user
[INFO ] 2020-04-01 22:58:00.002 [scheduling-1] Batch - getAllLoansPersons was called
[INFO ] 2020-04-01 22:58:00.047 [scheduling-1] Batch - Sending an email to user
[INFO ] 2020-04-01 22:58:00.098 [scheduling-1] Batch - Sending an email to user
[INFO ] 2020-04-01 22:58:00.146 [scheduling-1] Batch - Sending an email to user
[INFO ] 2020-04-01 22:58:00.191 [scheduling-1] Batch - now Sending an email to user
[INFO ] 2020-04-01 22:59:00.002 [scheduling-1] Batch - getAllLoansPersons was called
[INFO ] 2020-04-01 22:59:00.060 [scheduling-1] Batch - Sending an email to user
[INFO ] 2020-04-01 22:59:00.094 [scheduling-1] Batch - Sending an email to user
[INFO ] 2020-04-01 22:59:00.143 [scheduling-1] Batch - Sending an email to user
[INFO ] 2020-04-01 22:59:00.212 [scheduling-1] Batch - now Sending an email to user
[INFO ] 2020-04-01 23:00:00.002 [scheduling-1] Batch - getAllLoansPersons was called
[INFO ] 2020-04-01 23:00:00.092 [scheduling-1] Batch - Sending an email to user
[INFO ] 2020-04-01 23:00:00.143 [scheduling-1] Batch - Sending an email to user
[INFO ] 2020-04-01 23:00:00.189 [scheduling-1] Batch - Sending an email to user
[INFO ] 2020-04-01 23:00:00.251 [scheduling-1] Batch - now Sending an email to user
[INFO ] 2020-04-01 23:01:00.001 [scheduling-1] Batch - getAllLoansPersons was called
[INFO ] 2020-04-01 23:01:00.054 [scheduling-1] Batch - Sending an email to user
[INFO ] 2020-04-01 23:01:00.091 [scheduling-1] Batch - Sending an email to user
[INFO ] 2020-04-01 23:01:00.122 [scheduling-1] Batch - Sending an email to user
[INFO ] 2020-04-01 23:01:00.167 [scheduling-1] Batch - now Sending an email to user
[INFO ] 2020-04-01 23:02:00.005 [scheduling-1] Batch - getAllLoansPersons was called
[INFO ] 2020-04-01 23:02:00.040 [scheduling-1] Batch - Sending an email to user
[INFO ] 2020-04-01 23:02:00.088 [scheduling-1] Batch - Sending an email to user
[INFO ] 2020-04-01 23:02:00.118 [scheduling-1] Batch - Sending an email to user
[INFO ] 2020-04-01 23:02:00.147 [scheduling-1] Batch - now Sending an email to user
[INFO ] 2020-04-01 23:03:00.118 [scheduling-1] Batch - getAllLoansPersons was called
[INFO ] 2020-04-01 23:03:00.162 [scheduling-1] Batch - Sending an email to user
[INFO ] 2020-04-01 23:03:00.524 [scheduling-1] Batch - Sending an email to user
[INFO ] 2020-04-01 23:03:00.561 [scheduling-1] Batch - Sending an email to user
[INFO ] 2020-04-01 23:03:00.602 [scheduling-1] Batch - now Sending an email to user
[INFO ] 2020-04-01 23:04:00.002 [scheduling-1] Batch - getAllLoansPersons was called
[INFO ] 2020-04-01 23:04:00.056 [scheduling-1] Batch - Sending an email to user
[INFO ] 2020-04-01 23:04:00.098 [scheduling-1] Batch - Sending an email to user
[INFO ] 2020-04-01 23:04:00.131 [scheduling-1] Batch - Sending an email to user
[INFO ] 2020-04-01 23:04:00.170 [scheduling-1] Batch - now Sending an email to user
[INFO ] 2020-04-01 23:05:00.006 [scheduling-1] Batch - getAllLoansPersons was called
[INFO ] 2020-04-01 23:05:00.042 [scheduling-1] Batch - Sending an email to user
[INFO ] 2020-04-01 23:05:00.090 [scheduling-1] Batch - Sending an email to user
[INFO ] 2020-04-01 23:05:00.138 [scheduling-1] Batch - Sending an email to user
[INFO ] 2020-04-01 23:05:00.174 [scheduling-1] Batch - now Sending an email to user
[INFO ] 2020-04-01 23:06:00.006 [scheduling-1] Batch - getAllLoansPersons was called
[INFO ] 2020-04-01 23:06:00.048 [scheduling-1] Batch - Sending an email to user
[INFO ] 2020-04-01 23:06:00.078 [scheduling-1] Batch - Sending an email to user
[INFO ] 2020-04-01 23:06:00.104 [scheduling-1] Batch - Sending an email to user
[INFO ] 2020-04-01 23:06:00.134 [scheduling-1] Batch - now Sending an email to user
[INFO ] 2020-04-01 23:07:00.002 [scheduling-1] Batch - getAllLoansPersons was called
[INFO ] 2020-04-01 23:07:00.054 [scheduling-1] Batch - Sending an email to user
[INFO ] 2020-04-01 23:07:00.072 [scheduling-1] Batch - Sending an email to user
[INFO ] 2020-04-01 23:07:00.095 [scheduling-1] Batch - Sending an email to user
[INFO ] 2020-04-01 23:07:00.137 [scheduling-1] Batch - now Sending an email to user
[INFO ] 2020-04-01 23:08:00.011 [scheduling-1] Batch - getAllLoansPersons was called
[INFO ] 2020-04-01 23:08:00.066 [scheduling-1] Batch - Sending an email to user
[INFO ] 2020-04-01 23:08:00.149 [scheduling-1] Batch - Sending an email to user
[INFO ] 2020-04-01 23:08:00.183 [scheduling-1] Batch - Sending an email to user
[INFO ] 2020-04-01 23:08:00.237 [scheduling-1] Batch - now Sending an email to user
[INFO ] 2020-04-01 23:09:00.004 [scheduling-1] Batch - getAllLoansPersons was called
[INFO ] 2020-04-01 23:09:00.040 [scheduling-1] Batch - Sending an email to user
[INFO ] 2020-04-01 23:09:00.075 [scheduling-1] Batch - Sending an email to user
[INFO ] 2020-04-01 23:09:00.113 [scheduling-1] Batch - Sending an email to user
[INFO ] 2020-04-01 23:09:00.142 [scheduling-1] Batch - now Sending an email to user
[INFO ] 2020-04-01 23:10:00.001 [scheduling-1] Batch - getAllLoansPersons was called
[INFO ] 2020-04-01 23:10:00.043 [scheduling-1] Batch - Sending an email to user
[INFO ] 2020-04-01 23:10:00.082 [scheduling-1] Batch - Sending an email to user
[INFO ] 2020-04-01 23:10:00.133 [scheduling-1] Batch - Sending an email to user
[INFO ] 2020-04-01 23:10:00.158 [scheduling-1] Batch - now Sending an email to user
[INFO ] 2020-04-01 23:11:00.003 [scheduling-1] Batch - getAllLoansPersons was called
[INFO ] 2020-04-01 23:11:00.050 [scheduling-1] Batch - Sending an email to user
[INFO ] 2020-04-01 23:11:00.076 [scheduling-1] Batch - Sending an email to user
[INFO ] 2020-04-01 23:11:00.113 [scheduling-1] Batch - Sending an email to user
[INFO ] 2020-04-01 23:11:00.143 [scheduling-1] Batch - now Sending an email to user
[INFO ] 2020-04-01 23:12:00.002 [scheduling-1] Batch - getAllLoansPersons was called
[INFO ] 2020-04-01 23:12:00.048 [scheduling-1] Batch - Sending an email to user
[INFO ] 2020-04-01 23:12:00.080 [scheduling-1] Batch - Sending an email to user
[INFO ] 2020-04-01 23:12:00.121 [scheduling-1] Batch - Sending an email to user
[INFO ] 2020-04-01 23:12:00.142 [scheduling-1] Batch - now Sending an email to user
[INFO ] 2020-04-01 23:13:00.002 [scheduling-1] Batch - getAllLoansPersons was called
[INFO ] 2020-04-01 23:13:00.032 [scheduling-1] Batch - Sending an email to user
[INFO ] 2020-04-01 23:13:00.103 [scheduling-1] Batch - Sending an email to user
[INFO ] 2020-04-01 23:13:00.133 [scheduling-1] Batch - Sending an email to user
[INFO ] 2020-04-01 23:13:00.163 [scheduling-1] Batch - now Sending an email to user
[INFO ] 2020-04-01 23:14:00.001 [scheduling-1] Batch - getAllLoansPersons was called
[INFO ] 2020-04-01 23:14:00.103 [scheduling-1] Batch - Sending an email to user
[INFO ] 2020-04-01 23:14:00.146 [scheduling-1] Batch - Sending an email to user
[INFO ] 2020-04-01 23:14:00.182 [scheduling-1] Batch - Sending an email to user
[INFO ] 2020-04-01 23:14:00.219 [scheduling-1] Batch - now Sending an email to user
[INFO ] 2020-04-01 23:15:00.002 [scheduling-1] Batch - getAllLoansPersons was called
[INFO ] 2020-04-01 23:15:00.032 [scheduling-1] Batch - Sending an email to user
[INFO ] 2020-04-01 23:15:00.069 [scheduling-1] Batch - Sending an email to user
[INFO ] 2020-04-01 23:15:00.112 [scheduling-1] Batch - Sending an email to user
[INFO ] 2020-04-01 23:15:00.133 [scheduling-1] Batch - now Sending an email to user
[INFO ] 2020-04-01 23:16:00.002 [scheduling-1] Batch - getAllLoansPersons was called
[INFO ] 2020-04-01 23:16:00.036 [scheduling-1] Batch - Sending an email to user
[INFO ] 2020-04-01 23:16:00.082 [scheduling-1] Batch - Sending an email to user
[INFO ] 2020-04-01 23:16:00.135 [scheduling-1] Batch - Sending an email to user
[INFO ] 2020-04-01 23:16:00.175 [scheduling-1] Batch - now Sending an email to user
[INFO ] 2020-04-01 23:17:00.003 [scheduling-1] Batch - getAllLoansPersons was called
[INFO ] 2020-04-01 23:17:00.033 [scheduling-1] Batch - Sending an email to user
[INFO ] 2020-04-01 23:17:00.075 [scheduling-1] Batch - Sending an email to user
[INFO ] 2020-04-01 23:17:00.120 [scheduling-1] Batch - Sending an email to user
[INFO ] 2020-04-01 23:17:00.137 [scheduling-1] Batch - now Sending an email to user
[INFO ] 2020-04-01 23:18:00.001 [scheduling-1] Batch - getAllLoansPersons was called
[INFO ] 2020-04-01 23:18:00.036 [scheduling-1] Batch - Sending an email to user
[INFO ] 2020-04-01 23:18:00.077 [scheduling-1] Batch - Sending an email to user
[INFO ] 2020-04-01 23:18:00.095 [scheduling-1] Batch - Sending an email to user
[INFO ] 2020-04-01 23:18:00.135 [scheduling-1] Batch - now Sending an email to user
[INFO ] 2020-04-01 23:19:00.001 [scheduling-1] Batch - getAllLoansPersons was called
[INFO ] 2020-04-01 23:19:00.033 [scheduling-1] Batch - Sending an email to user
[INFO ] 2020-04-01 23:19:00.053 [scheduling-1] Batch - Sending an email to user
[INFO ] 2020-04-01 23:19:00.081 [scheduling-1] Batch - Sending an email to user
[INFO ] 2020-04-01 23:19:00.119 [scheduling-1] Batch - now Sending an email to user
[INFO ] 2020-04-01 23:20:00.004 [scheduling-1] Batch - getAllLoansPersons was called
[INFO ] 2020-04-01 23:20:00.041 [scheduling-1] Batch - Sending an email to user
[INFO ] 2020-04-01 23:20:00.081 [scheduling-1] Batch - Sending an email to user
[INFO ] 2020-04-01 23:20:00.113 [scheduling-1] Batch - Sending an email to user
[INFO ] 2020-04-01 23:20:00.133 [scheduling-1] Batch - now Sending an email to user
[INFO ] 2020-04-01 23:21:00.001 [scheduling-1] Batch - getAllLoansPersons was called
[INFO ] 2020-04-01 23:21:00.050 [scheduling-1] Batch - Sending an email to user
[INFO ] 2020-04-01 23:21:00.092 [scheduling-1] Batch - Sending an email to user
[INFO ] 2020-04-01 23:21:00.133 [scheduling-1] Batch - Sending an email to user
[INFO ] 2020-04-01 23:21:00.166 [scheduling-1] Batch - now Sending an email to user
[INFO ] 2020-04-01 23:22:00.008 [scheduling-1] Batch - getAllLoansPersons was called
[INFO ] 2020-04-01 23:22:00.035 [scheduling-1] Batch - Sending an email to user
[INFO ] 2020-04-01 23:22:00.091 [scheduling-1] Batch - Sending an email to user
[INFO ] 2020-04-01 23:22:00.108 [scheduling-1] Batch - Sending an email to user
[INFO ] 2020-04-01 23:22:00.123 [scheduling-1] Batch - now Sending an email to user
[INFO ] 2020-04-01 23:23:00.002 [scheduling-1] Batch - getAllLoansPersons was called
[INFO ] 2020-04-01 23:23:00.065 [scheduling-1] Batch - Sending an email to user
[INFO ] 2020-04-01 23:23:00.096 [scheduling-1] Batch - Sending an email to user
[INFO ] 2020-04-01 23:23:00.145 [scheduling-1] Batch - Sending an email to user
[INFO ] 2020-04-01 23:23:00.175 [scheduling-1] Batch - now Sending an email to user
[INFO ] 2020-04-01 23:24:00.002 [scheduling-1] Batch - getAllLoansPersons was called
[INFO ] 2020-04-01 23:24:00.032 [scheduling-1] Batch - Sending an email to user
[INFO ] 2020-04-01 23:24:00.089 [scheduling-1] Batch - Sending an email to user
[INFO ] 2020-04-01 23:24:00.109 [scheduling-1] Batch - Sending an email to user
[INFO ] 2020-04-01 23:24:00.127 [scheduling-1] Batch - now Sending an email to user
[INFO ] 2020-04-01 23:25:00.002 [scheduling-1] Batch - getAllLoansPersons was called
[INFO ] 2020-04-01 23:25:00.049 [scheduling-1] Batch - Sending an email to user
[INFO ] 2020-04-01 23:25:00.099 [scheduling-1] Batch - Sending an email to user
[INFO ] 2020-04-01 23:25:00.138 [scheduling-1] Batch - Sending an email to user
[INFO ] 2020-04-01 23:25:00.151 [scheduling-1] Batch - now Sending an email to user
[INFO ] 2020-04-01 23:26:00.002 [scheduling-1] Batch - getAllLoansPersons was called
[INFO ] 2020-04-01 23:26:00.033 [scheduling-1] Batch - Sending an email to user
[INFO ] 2020-04-01 23:26:00.063 [scheduling-1] Batch - Sending an email to user
[INFO ] 2020-04-01 23:26:00.111 [scheduling-1] Batch - Sending an email to user
[INFO ] 2020-04-01 23:26:00.159 [scheduling-1] Batch - now Sending an email to user
[INFO ] 2020-04-01 23:27:00.001 [scheduling-1] Batch - getAllLoansPersons was called
[INFO ] 2020-04-01 23:27:00.031 [scheduling-1] Batch - Sending an email to user
[INFO ] 2020-04-01 23:27:00.070 [scheduling-1] Batch - Sending an email to user
[INFO ] 2020-04-01 23:27:00.094 [scheduling-1] Batch - Sending an email to user
[INFO ] 2020-04-01 23:27:00.144 [scheduling-1] Batch - now Sending an email to user
[INFO ] 2020-04-01 23:28:00.006 [scheduling-1] Batch - getAllLoansPersons was called
[INFO ] 2020-04-01 23:28:00.040 [scheduling-1] Batch - Sending an email to user
[INFO ] 2020-04-01 23:28:00.079 [scheduling-1] Batch - Sending an email to user
[INFO ] 2020-04-01 23:28:00.115 [scheduling-1] Batch - Sending an email to user
[INFO ] 2020-04-01 23:28:00.147 [scheduling-1] Batch - now Sending an email to user
[INFO ] 2020-04-01 23:29:00.006 [scheduling-1] Batch - getAllLoansPersons was called
[INFO ] 2020-04-01 23:29:00.032 [scheduling-1] Batch - Sending an email to user
[INFO ] 2020-04-01 23:29:00.107 [scheduling-1] Batch - Sending an email to user
[INFO ] 2020-04-01 23:29:00.145 [scheduling-1] Batch - Sending an email to user
[INFO ] 2020-04-01 23:29:00.171 [scheduling-1] Batch - now Sending an email to user
[INFO ] 2020-04-01 23:30:00.006 [scheduling-1] Batch - getAllLoansPersons was called
[INFO ] 2020-04-01 23:30:00.042 [scheduling-1] Batch - Sending an email to user
[INFO ] 2020-04-01 23:30:00.070 [scheduling-1] Batch - Sending an email to user
[INFO ] 2020-04-01 23:30:00.119 [scheduling-1] Batch - Sending an email to user
[INFO ] 2020-04-01 23:30:00.156 [scheduling-1] Batch - now Sending an email to user
[INFO ] 2020-04-01 23:31:00.003 [scheduling-1] Batch - getAllLoansPersons was called
[INFO ] 2020-04-01 23:31:00.048 [scheduling-1] Batch - Sending an email to user
[INFO ] 2020-04-01 23:31:00.101 [scheduling-1] Batch - Sending an email to user
[INFO ] 2020-04-01 23:31:00.138 [scheduling-1] Batch - Sending an email to user
[INFO ] 2020-04-01 23:31:00.189 [scheduling-1] Batch - now Sending an email to user
[INFO ] 2020-04-01 23:32:00.002 [scheduling-1] Batch - getAllLoansPersons was called
[INFO ] 2020-04-01 23:32:00.456 [scheduling-1] Batch - Sending an email to user
[INFO ] 2020-04-01 23:32:00.488 [scheduling-1] Batch - Sending an email to user
[INFO ] 2020-04-01 23:32:00.514 [scheduling-1] Batch - Sending an email to user
[INFO ] 2020-04-01 23:32:00.539 [scheduling-1] Batch - now Sending an email to user
[INFO ] 2020-04-01 23:33:00.005 [scheduling-1] Batch - getAllLoansPersons was called
[INFO ] 2020-04-01 23:33:00.039 [scheduling-1] Batch - Sending an email to user
[INFO ] 2020-04-01 23:33:00.089 [scheduling-1] Batch - Sending an email to user
[INFO ] 2020-04-01 23:33:00.119 [scheduling-1] Batch - Sending an email to user
[INFO ] 2020-04-01 23:33:00.178 [scheduling-1] Batch - now Sending an email to user
[INFO ] 2020-04-01 23:34:00.002 [scheduling-1] Batch - getAllLoansPersons was called
[INFO ] 2020-04-01 23:34:00.032 [scheduling-1] Batch - Sending an email to user
[INFO ] 2020-04-01 23:34:00.082 [scheduling-1] Batch - Sending an email to user
[INFO ] 2020-04-01 23:34:00.110 [scheduling-1] Batch - Sending an email to user
[INFO ] 2020-04-01 23:34:00.152 [scheduling-1] Batch - now Sending an email to user
[INFO ] 2020-04-01 23:35:00.005 [scheduling-1] Batch - getAllLoansPersons was called
[INFO ] 2020-04-01 23:35:00.058 [scheduling-1] Batch - Sending an email to user
[INFO ] 2020-04-01 23:35:00.121 [scheduling-1] Batch - Sending an email to user
[INFO ] 2020-04-01 23:35:00.184 [scheduling-1] Batch - Sending an email to user
[INFO ] 2020-04-01 23:35:00.212 [scheduling-1] Batch - now Sending an email to user
[INFO ] 2020-04-01 23:36:00.003 [scheduling-1] Batch - getAllLoansPersons was called
[INFO ] 2020-04-01 23:36:00.039 [scheduling-1] Batch - Sending an email to user
[INFO ] 2020-04-01 23:36:00.093 [scheduling-1] Batch - Sending an email to user
[INFO ] 2020-04-01 23:36:00.111 [scheduling-1] Batch - Sending an email to user
[INFO ] 2020-04-01 23:36:00.150 [scheduling-1] Batch - now Sending an email to user
[INFO ] 2020-04-01 23:37:00.001 [scheduling-1] Batch - getAllLoansPersons was called
[INFO ] 2020-04-01 23:37:00.038 [scheduling-1] Batch - Sending an email to user
[INFO ] 2020-04-01 23:37:00.106 [scheduling-1] Batch - Sending an email to user
[INFO ] 2020-04-01 23:37:00.155 [scheduling-1] Batch - Sending an email to user
[INFO ] 2020-04-01 23:37:00.186 [scheduling-1] Batch - now Sending an email to user
[INFO ] 2020-04-01 23:38:00.001 [scheduling-1] Batch - getAllLoansPersons was called
[INFO ] 2020-04-01 23:38:00.029 [scheduling-1] Batch - Sending an email to user
[INFO ] 2020-04-01 23:38:00.080 [scheduling-1] Batch - Sending an email to user
[INFO ] 2020-04-01 23:38:00.118 [scheduling-1] Batch - Sending an email to user
[INFO ] 2020-04-01 23:38:00.168 [scheduling-1] Batch - now Sending an email to user
[INFO ] 2020-04-01 23:39:00.002 [scheduling-1] Batch - getAllLoansPersons was called
[INFO ] 2020-04-01 23:39:00.039 [scheduling-1] Batch - Sending an email to user
[INFO ] 2020-04-01 23:39:00.082 [scheduling-1] Batch - Sending an email to user
[INFO ] 2020-04-01 23:39:00.126 [scheduling-1] Batch - Sending an email to user
[INFO ] 2020-04-01 23:39:00.152 [scheduling-1] Batch - now Sending an email to user
[INFO ] 2020-04-01 23:40:00.001 [scheduling-1] Batch - getAllLoansPersons was called
[INFO ] 2020-04-01 23:40:00.030 [scheduling-1] Batch - Sending an email to user
[INFO ] 2020-04-01 23:40:00.095 [scheduling-1] Batch - Sending an email to user
[INFO ] 2020-04-01 23:40:00.124 [scheduling-1] Batch - Sending an email to user
[INFO ] 2020-04-01 23:40:00.148 [scheduling-1] Batch - now Sending an email to user
[INFO ] 2020-04-01 23:41:00.002 [scheduling-1] Batch - getAllLoansPersons was called
[INFO ] 2020-04-01 23:41:00.038 [scheduling-1] Batch - Sending an email to user
[INFO ] 2020-04-01 23:41:00.074 [scheduling-1] Batch - Sending an email to user
[INFO ] 2020-04-01 23:41:00.104 [scheduling-1] Batch - Sending an email to user
[INFO ] 2020-04-01 23:41:00.133 [scheduling-1] Batch - now Sending an email to user
[INFO ] 2020-04-01 23:42:00.003 [scheduling-1] Batch - getAllLoansPersons was called
[INFO ] 2020-04-01 23:42:00.034 [scheduling-1] Batch - Sending an email to user
[INFO ] 2020-04-01 23:42:00.082 [scheduling-1] Batch - Sending an email to user
[INFO ] 2020-04-01 23:42:00.109 [scheduling-1] Batch - Sending an email to user
[INFO ] 2020-04-01 23:42:00.138 [scheduling-1] Batch - now Sending an email to user
[INFO ] 2020-04-01 23:43:00.002 [scheduling-1] Batch - getAllLoansPersons was called
[INFO ] 2020-04-01 23:43:00.054 [scheduling-1] Batch - Sending an email to user
[INFO ] 2020-04-01 23:43:00.097 [scheduling-1] Batch - Sending an email to user
[INFO ] 2020-04-01 23:43:00.131 [scheduling-1] Batch - Sending an email to user
[INFO ] 2020-04-01 23:43:00.191 [scheduling-1] Batch - now Sending an email to user
[INFO ] 2020-04-01 23:44:00.004 [scheduling-1] Batch - getAllLoansPersons was called
[INFO ] 2020-04-01 23:44:00.036 [scheduling-1] Batch - Sending an email to user
[INFO ] 2020-04-01 23:44:00.063 [scheduling-1] Batch - Sending an email to user
[INFO ] 2020-04-01 23:44:00.099 [scheduling-1] Batch - Sending an email to user
[INFO ] 2020-04-01 23:44:00.155 [scheduling-1] Batch - now Sending an email to user
[INFO ] 2020-04-01 23:45:00.002 [scheduling-1] Batch - getAllLoansPersons was called
[INFO ] 2020-04-01 23:45:00.044 [scheduling-1] Batch - Sending an email to user
[INFO ] 2020-04-01 23:45:00.081 [scheduling-1] Batch - Sending an email to user
[INFO ] 2020-04-01 23:45:00.102 [scheduling-1] Batch - Sending an email to user
[INFO ] 2020-04-01 23:45:00.174 [scheduling-1] Batch - now Sending an email to user
[INFO ] 2020-04-01 23:46:00.002 [scheduling-1] Batch - getAllLoansPersons was called
[INFO ] 2020-04-01 23:46:00.039 [scheduling-1] Batch - Sending an email to user
[INFO ] 2020-04-01 23:46:00.086 [scheduling-1] Batch - Sending an email to user
[INFO ] 2020-04-01 23:46:00.137 [scheduling-1] Batch - Sending an email to user
[INFO ] 2020-04-01 23:46:00.193 [scheduling-1] Batch - now Sending an email to user
[INFO ] 2020-04-01 23:47:00.002 [scheduling-1] Batch - getAllLoansPersons was called
[INFO ] 2020-04-01 23:47:00.053 [scheduling-1] Batch - Sending an email to user
[INFO ] 2020-04-01 23:47:00.131 [scheduling-1] Batch - Sending an email to user
[INFO ] 2020-04-01 23:47:00.176 [scheduling-1] Batch - Sending an email to user
[INFO ] 2020-04-01 23:47:00.202 [scheduling-1] Batch - now Sending an email to user
[INFO ] 2020-04-01 23:48:00.005 [scheduling-1] Batch - getAllLoansPersons was called
[INFO ] 2020-04-01 23:48:00.057 [scheduling-1] Batch - Sending an email to user
[INFO ] 2020-04-01 23:48:00.093 [scheduling-1] Batch - Sending an email to user
[INFO ] 2020-04-01 23:48:00.137 [scheduling-1] Batch - Sending an email to user
[INFO ] 2020-04-01 23:48:00.194 [scheduling-1] Batch - now Sending an email to user
[INFO ] 2020-04-01 23:49:00.005 [scheduling-1] Batch - getAllLoansPersons was called
[INFO ] 2020-04-01 23:49:00.060 [scheduling-1] Batch - Sending an email to user
[INFO ] 2020-04-01 23:49:00.099 [scheduling-1] Batch - Sending an email to user
[INFO ] 2020-04-01 23:49:00.150 [scheduling-1] Batch - Sending an email to user
[INFO ] 2020-04-01 23:49:00.199 [scheduling-1] Batch - now Sending an email to user
[INFO ] 2020-04-01 23:50:00.002 [scheduling-1] Batch - getAllLoansPersons was called
[INFO ] 2020-04-01 23:50:00.064 [scheduling-1] Batch - Sending an email to user
[INFO ] 2020-04-01 23:50:00.128 [scheduling-1] Batch - Sending an email to user
[INFO ] 2020-04-01 23:50:00.170 [scheduling-1] Batch - Sending an email to user
[INFO ] 2020-04-01 23:50:00.200 [scheduling-1] Batch - now Sending an email to user
[INFO ] 2020-04-01 23:51:00.004 [scheduling-1] Batch - getAllLoansPersons was called
[INFO ] 2020-04-01 23:51:00.085 [scheduling-1] Batch - Sending an email to user
[INFO ] 2020-04-01 23:51:00.221 [scheduling-1] Batch - Sending an email to user
[INFO ] 2020-04-01 23:51:00.254 [scheduling-1] Batch - Sending an email to user
[INFO ] 2020-04-01 23:51:00.399 [scheduling-1] Batch - now Sending an email to user
[INFO ] 2020-04-01 23:52:00.002 [scheduling-1] Batch - getAllLoansPersons was called
[INFO ] 2020-04-01 23:52:00.125 [scheduling-1] Batch - Sending an email to user
[INFO ] 2020-04-01 23:52:00.186 [scheduling-1] Batch - Sending an email to user
[INFO ] 2020-04-01 23:52:00.253 [scheduling-1] Batch - Sending an email to user
[INFO ] 2020-04-01 23:52:00.292 [scheduling-1] Batch - now Sending an email to user
[INFO ] 2020-04-01 23:53:00.003 [scheduling-1] Batch - getAllLoansPersons was called
[INFO ] 2020-04-01 23:53:00.050 [scheduling-1] Batch - Sending an email to user
[INFO ] 2020-04-01 23:53:00.075 [scheduling-1] Batch - Sending an email to user
[INFO ] 2020-04-01 23:53:00.124 [scheduling-1] Batch - Sending an email to user
[INFO ] 2020-04-01 23:53:00.158 [scheduling-1] Batch - now Sending an email to user
[INFO ] 2020-04-01 23:54:00.001 [scheduling-1] Batch - getAllLoansPersons was called
[INFO ] 2020-04-01 23:54:00.071 [scheduling-1] Batch - Sending an email to user
[INFO ] 2020-04-01 23:54:00.429 [scheduling-1] Batch - Sending an email to user
[INFO ] 2020-04-01 23:54:00.481 [scheduling-1] Batch - Sending an email to user
[INFO ] 2020-04-01 23:54:00.557 [scheduling-1] Batch - now Sending an email to user
[INFO ] 2020-04-01 23:55:00.001 [scheduling-1] Batch - getAllLoansPersons was called
[INFO ] 2020-04-01 23:55:00.087 [scheduling-1] Batch - Sending an email to user
[INFO ] 2020-04-01 23:55:00.753 [scheduling-1] Batch - Sending an email to user
[INFO ] 2020-04-01 23:55:00.803 [scheduling-1] Batch - Sending an email to user
[INFO ] 2020-04-01 23:55:00.835 [scheduling-1] Batch - now Sending an email to user
[INFO ] 2020-04-01 23:56:00.002 [scheduling-1] Batch - getAllLoansPersons was called
[INFO ] 2020-04-01 23:56:00.055 [scheduling-1] Batch - Sending an email to user
[INFO ] 2020-04-01 23:56:00.099 [scheduling-1] Batch - Sending an email to user
[INFO ] 2020-04-01 23:56:00.128 [scheduling-1] Batch - Sending an email to user
[INFO ] 2020-04-01 23:56:00.174 [scheduling-1] Batch - now Sending an email to user
[INFO ] 2020-04-01 23:57:00.001 [scheduling-1] Batch - getAllLoansPersons was called
[INFO ] 2020-04-01 23:57:00.049 [scheduling-1] Batch - Sending an email to user
[INFO ] 2020-04-01 23:57:00.114 [scheduling-1] Batch - Sending an email to user
[INFO ] 2020-04-01 23:57:00.149 [scheduling-1] Batch - Sending an email to user
[INFO ] 2020-04-01 23:57:00.179 [scheduling-1] Batch - now Sending an email to user
[INFO ] 2020-04-01 23:58:00.005 [scheduling-1] Batch - getAllLoansPersons was called
[INFO ] 2020-04-01 23:58:00.044 [scheduling-1] Batch - Sending an email to user
[INFO ] 2020-04-01 23:58:00.099 [scheduling-1] Batch - Sending an email to user
[INFO ] 2020-04-01 23:58:00.129 [scheduling-1] Batch - Sending an email to user
[INFO ] 2020-04-01 23:58:00.173 [scheduling-1] Batch - now Sending an email to user
[INFO ] 2020-04-01 23:59:00.001 [scheduling-1] Batch - getAllLoansPersons was called
[INFO ] 2020-04-01 23:59:00.043 [scheduling-1] Batch - Sending an email to user
[INFO ] 2020-04-01 23:59:00.095 [scheduling-1] Batch - Sending an email to user
[INFO ] 2020-04-01 23:59:00.164 [scheduling-1] Batch - Sending an email to user
[INFO ] 2020-04-01 23:59:00.231 [scheduling-1] Batch - now Sending an email to user
