[INFO ] 2020-01-31 18:53:06.803 [main] MbookApplication - No active profile set, falling back to default profiles: default
[INFO ] 2020-01-31 18:53:31.643 [main] MbookApplication - Started MbookApplication in 28.757 seconds (JVM running for 56.369)
[INFO ] 2020-01-31 18:59:28.898 [http-nio-9090-exec-1] BookController - getBooks was called
[INFO ] 2020-01-31 18:59:57.384 [http-nio-9090-exec-2] BookController - getBooks was called
[INFO ] 2020-01-31 18:59:58.157 [http-nio-9090-exec-5] BookController - getCategories was called
[INFO ] 2020-01-31 18:59:58.637 [http-nio-9090-exec-6] BookController - getBooks was called
[INFO ] 2020-01-31 18:59:59.017 [http-nio-9090-exec-9] BookController - getCategories was called
[INFO ] 2020-01-31 19:33:36.838 [http-nio-9090-exec-7] BookController - getBooks was called
[INFO ] 2020-01-31 19:33:37.446 [http-nio-9090-exec-4] BookController - getCategories was called
[INFO ] 2020-01-31 19:33:58.848 [http-nio-9090-exec-3] BookController - getBooksByAuthor was called
[INFO ] 2020-01-31 19:36:30.938 [http-nio-9090-exec-1] BookController - getBooks was called
[INFO ] 2020-01-31 19:36:31.527 [http-nio-9090-exec-2] BookController - getCategories was called
[INFO ] 2020-01-31 19:36:36.665 [http-nio-9090-exec-5] BookController - getBooksByAuthor was called
[INFO ] 2020-01-31 19:36:44.276 [http-nio-9090-exec-6] BookController - getBooks was called
[INFO ] 2020-01-31 19:36:44.901 [http-nio-9090-exec-9] BookController - getCategories was called
[INFO ] 2020-01-31 19:37:00.942 [http-nio-9090-exec-10] BookController - getBooks was called
[INFO ] 2020-01-31 19:37:01.358 [http-nio-9090-exec-8] BookController - getCategories was called
[INFO ] 2020-01-31 19:37:24.177 [http-nio-9090-exec-7] BookController - getBooks was called
[INFO ] 2020-01-31 19:37:24.804 [http-nio-9090-exec-4] BookController - getCategories was called
[INFO ] 2020-01-31 19:59:28.318 [http-nio-9090-exec-1] BookController - getBooks was called
[INFO ] 2020-01-31 20:07:53.221 [http-nio-9090-exec-2] BookController - getBooks was called
[INFO ] 2020-01-31 20:07:53.701 [http-nio-9090-exec-5] BookController - getCategories was called
[INFO ] 2020-01-31 20:10:03.859 [http-nio-9090-exec-9] BookController - getBooks was called
[INFO ] 2020-01-31 20:10:04.241 [http-nio-9090-exec-10] BookController - getCategories was called
[INFO ] 2020-01-31 20:15:15.690 [http-nio-9090-exec-7] BookController - getBooks was called
[INFO ] 2020-01-31 20:15:16.500 [http-nio-9090-exec-4] BookController - getCategories was called
[INFO ] 2020-01-31 20:16:02.989 [http-nio-9090-exec-3] BookController - getBooks was called
[INFO ] 2020-01-31 20:16:03.264 [http-nio-9090-exec-1] BookController - getCategories was called
[INFO ] 2020-01-31 20:17:31.801 [http-nio-9090-exec-5] BookController - getBooks was called
[INFO ] 2020-01-31 20:17:32.174 [http-nio-9090-exec-6] BookController - getCategories was called
[INFO ] 2020-01-31 20:18:22.666 [http-nio-9090-exec-9] BookController - getBooks was called
[INFO ] 2020-01-31 20:18:22.924 [http-nio-9090-exec-10] BookController - getCategories was called
[INFO ] 2020-01-31 20:18:26.483 [http-nio-9090-exec-8] BookController - getBooks was called
[INFO ] 2020-01-31 20:18:26.807 [http-nio-9090-exec-7] BookController - getCategories was called
[INFO ] 2020-01-31 20:21:19.890 [http-nio-9090-exec-3] BookController - getBooks was called
[INFO ] 2020-01-31 20:21:20.203 [http-nio-9090-exec-1] BookController - getCategories was called
[INFO ] 2020-01-31 20:25:40.904 [http-nio-9090-exec-5] BookController - getBooks was called
[INFO ] 2020-01-31 20:25:41.480 [http-nio-9090-exec-6] BookController - getCategories was called
[INFO ] 2020-01-31 20:29:36.916 [http-nio-9090-exec-10] BookController - getBooks was called
[INFO ] 2020-01-31 20:29:37.309 [http-nio-9090-exec-8] BookController - getCategories was called
[INFO ] 2020-01-31 20:29:54.127 [http-nio-9090-exec-7] BookController - getBooks was called
[INFO ] 2020-01-31 20:29:54.382 [http-nio-9090-exec-4] BookController - getCategories was called
[INFO ] 2020-01-31 20:30:26.293 [http-nio-9090-exec-3] BookController - getBooks was called
[INFO ] 2020-01-31 20:30:26.540 [http-nio-9090-exec-1] BookController - getCategories was called
[INFO ] 2020-01-31 20:31:31.571 [http-nio-9090-exec-5] BookController - getBooks was called
[INFO ] 2020-01-31 20:31:32.063 [http-nio-9090-exec-6] BookController - getCategories was called
[INFO ] 2020-01-31 20:35:14.207 [http-nio-9090-exec-10] BookController - getBooksByAuthor was called
[INFO ] 2020-01-31 20:46:42.009 [http-nio-9090-exec-7] BookController - getBooksByAuthor was called
[INFO ] 2020-01-31 20:47:36.913 [http-nio-9090-exec-4] BookController - getBooksByAuthor was called
[INFO ] 2020-01-31 20:49:36.630 [http-nio-9090-exec-1] BookController - getBooksByAuthor was called
[INFO ] 2020-01-31 20:56:11.128 [http-nio-9090-exec-5] BookController - getBooksByAuthor was called
