[INFO ] 2020-06-01 18:13:40.434 [main] MbookApplication - No active profile set, falling back to default profiles: default
[INFO ] 2020-06-01 18:14:01.065 [main] MbookApplication - Started MbookApplication in 27.208 seconds (JVM running for 40.302)
[INFO ] 2020-06-01 18:14:01.433 [http-nio-9090-exec-1] BookController - getBooks was called
[INFO ] 2020-06-01 18:14:01.899 [http-nio-9090-exec-2] BookController - getCategories was called
[INFO ] 2020-06-01 18:14:10.390 [http-nio-9090-exec-3] BookController - getBook was called
[INFO ] 2020-06-01 18:14:10.471 [http-nio-9090-exec-4] BookController - getCopiesById was called
[INFO ] 2020-06-01 18:16:44.646 [http-nio-9090-exec-6] BookController - getBooks was called
[INFO ] 2020-06-01 18:16:44.884 [http-nio-9090-exec-7] BookController - getCategories was called
[INFO ] 2020-06-01 18:16:50.782 [http-nio-9090-exec-8] BookController - getBook was called
[INFO ] 2020-06-01 18:16:50.827 [http-nio-9090-exec-9] BookController - getCopiesById was called
[INFO ] 2020-06-01 18:17:49.762 [http-nio-9090-exec-10] BookController - getLoansById was called
[INFO ] 2020-06-01 18:17:54.144 [http-nio-9090-exec-1] BookController - getBook was called
[INFO ] 2020-06-01 18:17:54.186 [http-nio-9090-exec-2] BookController - getCopiesById was called
[INFO ] 2020-06-01 18:18:52.738 [http-nio-9090-exec-4] BookController - getBooks was called
[INFO ] 2020-06-01 18:18:52.933 [http-nio-9090-exec-5] BookController - getCategories was called
[INFO ] 2020-06-01 18:18:55.073 [http-nio-9090-exec-6] BookController - getBook was called
[INFO ] 2020-06-01 18:18:55.120 [http-nio-9090-exec-7] BookController - getCopiesById was called
[INFO ] 2020-06-01 18:20:11.822 [http-nio-9090-exec-1] BookController - getBook was called
[INFO ] 2020-06-01 18:20:28.610 [http-nio-9090-exec-2] BookController - getBook was called
[INFO ] 2020-06-01 18:33:08.897 [http-nio-9090-exec-4] BookController - getBooks was called
[INFO ] 2020-06-01 18:33:09.159 [http-nio-9090-exec-5] BookController - getCategories was called
[INFO ] 2020-06-01 18:33:43.601 [http-nio-9090-exec-6] BookController - getLoansById was called
[INFO ] 2020-06-01 18:33:46.737 [http-nio-9090-exec-7] BookController - getBooks was called
[INFO ] 2020-06-01 18:33:46.937 [http-nio-9090-exec-8] BookController - getCategories was called
[INFO ] 2020-06-01 18:33:48.342 [http-nio-9090-exec-9] BookController - getBook was called
[INFO ] 2020-06-01 18:33:48.400 [http-nio-9090-exec-10] BookController - getCopiesById was called
[INFO ] 2020-06-01 18:34:13.044 [http-nio-9090-exec-1] BookController - getBooks was called
[INFO ] 2020-06-01 18:34:13.265 [http-nio-9090-exec-2] BookController - getCategories was called
[INFO ] 2020-06-01 18:34:27.547 [http-nio-9090-exec-3] BookController - getLoansById was called
[INFO ] 2020-06-01 18:34:38.953 [http-nio-9090-exec-4] BookController - getBook was called
[INFO ] 2020-06-01 18:34:38.998 [http-nio-9090-exec-5] BookController - getCopiesById was called
[INFO ] 2020-06-01 18:40:19.841 [http-nio-9090-exec-7] BookController - getLoansById was called
[INFO ] 2020-06-01 21:38:07.421 [http-nio-9090-exec-9] BookController - getBooks was called
[INFO ] 2020-06-01 21:38:08.288 [http-nio-9090-exec-10] BookController - getCategories was called
[INFO ] 2020-06-01 21:38:33.769 [http-nio-9090-exec-1] BookController - getLoansById was called
[INFO ] 2020-06-01 21:38:40.828 [http-nio-9090-exec-2] BookController - getBooks was called
[INFO ] 2020-06-01 21:38:41.038 [http-nio-9090-exec-3] BookController - getCategories was called
[INFO ] 2020-06-01 21:38:42.866 [http-nio-9090-exec-4] BookController - getBook was called
[INFO ] 2020-06-01 21:38:42.982 [http-nio-9090-exec-5] BookController - getCopiesById was called
[INFO ] 2020-06-01 21:40:46.406 [http-nio-9090-exec-9] BookController - getBook was called
[INFO ] 2020-06-01 21:41:30.039 [http-nio-9090-exec-10] BookController - getLoansById was called
[INFO ] 2020-06-01 21:44:15.032 [http-nio-9090-exec-3] BookController - getBooks was called
[INFO ] 2020-06-01 21:44:15.240 [http-nio-9090-exec-4] BookController - getCategories was called
[INFO ] 2020-06-01 21:44:17.481 [http-nio-9090-exec-5] BookController - getBook was called
[INFO ] 2020-06-01 21:44:17.527 [http-nio-9090-exec-6] BookController - getCopiesById was called
